<?xml version="1.0" encoding="UTF-8"?>
<!-- Generated by org.testng.reporters.JUnitReportReporter -->
<testsuite hostname="Saurabhs-MacBook-Air.local" failures="0" tests="5" name="ORHRM.Tests.T_LoginTest" time="21.336" errors="0" timestamp="2024-06-23T23:03:18 IST" skipped="0">
  <testcase classname="ORHRM.Tests.T_LoginTest" name="T_LoginTest" time="1.478"/>
  <testcase classname="ORHRM.Tests.T_LoginTest" name="T_LoginTest" time="1.765"/>
  <testcase classname="ORHRM.Tests.T_LoginTest" name="T_LoginTest" time="1.773"/>
  <testcase classname="ORHRM.Tests.T_LoginTest" name="T_Sample" time="0.001"/>
  <testcase classname="ORHRM.Tests.T_LoginTest" name="T_LoginTest" time="16.319"/>
</testsuite> <!-- ORHRM.Tests.T_LoginTest -->
