<?xml version="1.0" encoding="UTF-8"?>
<!-- Generated by org.testng.reporters.JUnitReportReporter -->
<testsuite hostname="Saurabhs-MacBook-Air.local" failures="0" tests="10" name="ORHRM.Tests.T_ContactDtlsFields" time="0.502" errors="0" timestamp="2024-06-23T23:03:18 IST" skipped="0">
  <testcase classname="ORHRM.Tests.T_ContactDtlsFields" name="T_ContactDtlsFields" time="0.009"/>
  <testcase classname="ORHRM.Tests.T_ContactDtlsFields" name="T_ContactDtlsFields" time="0.010"/>
  <testcase classname="ORHRM.Tests.T_ContactDtlsFields" name="T_ContactDtlsFields" time="0.013"/>
  <testcase classname="ORHRM.Tests.T_ContactDtlsFields" name="T_ContactDtlsFields" time="0.010"/>
  <testcase classname="ORHRM.Tests.T_ContactDtlsFields" name="T_ContactDtlsFields" time="0.016"/>
  <testcase classname="ORHRM.Tests.T_ContactDtlsFields" name="T_ContactDtlsFields" time="0.010"/>
  <testcase classname="ORHRM.Tests.T_ContactDtlsFields" name="T_ContactDtlsFields" time="0.009"/>
  <testcase classname="ORHRM.Tests.T_ContactDtlsFields" name="T_ContactDtlsFields" time="0.012"/>
  <testcase classname="ORHRM.Tests.T_ContactDtlsFields" name="T_ContactDtlsFields" time="0.403"/>
  <testcase classname="ORHRM.Tests.T_ContactDtlsFields" name="T_ContactDtlsFields" time="0.010"/>
</testsuite> <!-- ORHRM.Tests.T_ContactDtlsFields -->
