<?xml version="1.0" encoding="UTF-8"?>
<!-- Generated by org.testng.reporters.JUnitReportReporter -->
<testsuite hostname="Saurabhs-MacBook-Air.local" failures="0" tests="1" name="ORHRM.Tests.T_EmergencyContactTest" time="9.551" errors="0" timestamp="2024-06-23T23:03:18 IST" skipped="0">
  <testcase classname="ORHRM.Tests.T_EmergencyContactTest" name="T_EmergencyContactTest" time="9.551"/>
</testsuite> <!-- ORHRM.Tests.T_EmergencyContactTest -->
